0 info it worked if it ends with ok
1 verbose cli [ '/root/.nvm/versions/node/v6.11.5/bin/node',
1 verbose cli   '/root/.nvm/versions/node/v6.11.5/bin/npm',
1 verbose cli   'install',
1 verbose cli   'oracledb' ]
2 info using npm@3.10.10
3 info using node@v6.11.5
4 silly loadCurrentTree Starting
5 silly install loadCurrentTree
6 silly install readLocalPackageData
7 silly fetchPackageMetaData oracledb@^1.13.1
8 silly fetchNamedPackageData oracledb
9 silly mapToRegistry name oracledb
10 silly mapToRegistry using default registry
11 silly mapToRegistry registry https://registry.npmjs.org/
12 silly mapToRegistry data Result {
12 silly mapToRegistry   raw: 'oracledb',
12 silly mapToRegistry   scope: null,
12 silly mapToRegistry   escapedName: 'oracledb',
12 silly mapToRegistry   name: 'oracledb',
12 silly mapToRegistry   rawSpec: '',
12 silly mapToRegistry   spec: 'latest',
12 silly mapToRegistry   type: 'tag' }
13 silly mapToRegistry uri https://registry.npmjs.org/oracledb
14 verbose request uri https://registry.npmjs.org/oracledb
15 verbose request no auth needed
16 info attempt registry request try #1 at 8:56:50 PM
17 verbose request id 13561ad104677f8a
18 verbose etag "5a1cc626-b981"
19 verbose lastModified Tue, 28 Nov 2017 2:12:54 GMT
20 http request GET https://registry.npmjs.org/oracledb
21 http 304 https://registry.npmjs.org/oracledb
22 verbose headers { date: 'Wed, 06 Dec 2017 20:56:50 GMT',
22 verbose headers   via: '1.1 varnish',
22 verbose headers   'cache-control': 'max-age=300',
22 verbose headers   etag: '"5a1cc626-b981"',
22 verbose headers   age: '0',
22 verbose headers   connection: 'keep-alive',
22 verbose headers   'x-served-by': 'cache-dca17747-DCA',
22 verbose headers   'x-cache': 'MISS',
22 verbose headers   'x-cache-hits': '0',
22 verbose headers   'x-timer': 'S1512593811.574767,VS0,VE63',
22 verbose headers   vary: 'Accept-Encoding, Accept' }
23 silly get cb [ 304,
23 silly get   { date: 'Wed, 06 Dec 2017 20:56:50 GMT',
23 silly get     via: '1.1 varnish',
23 silly get     'cache-control': 'max-age=300',
23 silly get     etag: '"5a1cc626-b981"',
23 silly get     age: '0',
23 silly get     connection: 'keep-alive',
23 silly get     'x-served-by': 'cache-dca17747-DCA',
23 silly get     'x-cache': 'MISS',
23 silly get     'x-cache-hits': '0',
23 silly get     'x-timer': 'S1512593811.574767,VS0,VE63',
23 silly get     vary: 'Accept-Encoding, Accept' } ]
24 verbose etag https://registry.npmjs.org/oracledb from cache
25 verbose get saving oracledb to /root/.npm/registry.npmjs.org/oracledb/.cache.json
26 verbose correctMkdir /root/.npm correctMkdir not in flight; initializing
27 silly install normalizeTree
28 silly loadCurrentTree Finishing
29 silly loadIdealTree Starting
30 silly install loadIdealTree
31 silly cloneCurrentTree Starting
32 silly install cloneCurrentTreeToIdealTree
33 silly cloneCurrentTree Finishing
34 silly loadShrinkwrap Starting
35 silly install loadShrinkwrap
36 silly loadShrinkwrap Finishing
37 silly loadAllDepsIntoIdealTree Starting
38 silly install loadAllDepsIntoIdealTree
39 silly resolveWithNewModule oracledb@1.13.1 checking installable status
40 silly cache add args [ 'oracledb@^1.13.1', null ]
41 verbose cache add spec oracledb@^1.13.1
42 silly cache add parsed spec Result {
42 silly cache add   raw: 'oracledb@^1.13.1',
42 silly cache add   scope: null,
42 silly cache add   escapedName: 'oracledb',
42 silly cache add   name: 'oracledb',
42 silly cache add   rawSpec: '^1.13.1',
42 silly cache add   spec: '>=1.13.1 <2.0.0',
42 silly cache add   type: 'range' }
43 silly addNamed oracledb@>=1.13.1 <2.0.0
44 verbose addNamed ">=1.13.1 <2.0.0" is a valid semver range for oracledb
45 silly addNameRange { name: 'oracledb', range: '>=1.13.1 <2.0.0', hasData: false }
46 silly mapToRegistry name oracledb
47 silly mapToRegistry using default registry
48 silly mapToRegistry registry https://registry.npmjs.org/
49 silly mapToRegistry data Result {
49 silly mapToRegistry   raw: 'oracledb',
49 silly mapToRegistry   scope: null,
49 silly mapToRegistry   escapedName: 'oracledb',
49 silly mapToRegistry   name: 'oracledb',
49 silly mapToRegistry   rawSpec: '',
49 silly mapToRegistry   spec: 'latest',
49 silly mapToRegistry   type: 'tag' }
50 silly mapToRegistry uri https://registry.npmjs.org/oracledb
51 verbose addNameRange registry:https://registry.npmjs.org/oracledb not in flight; fetching
52 verbose get https://registry.npmjs.org/oracledb not expired, no request
53 silly addNameRange number 2 { name: 'oracledb', range: '>=1.13.1 <2.0.0', hasData: true }
54 silly addNameRange versions [ 'oracledb',
54 silly addNameRange   [ '0.2.4',
54 silly addNameRange     '0.3.1',
54 silly addNameRange     '0.4.1',
54 silly addNameRange     '0.4.2',
54 silly addNameRange     '0.5.0',
54 silly addNameRange     '0.6.0',
54 silly addNameRange     '0.7.0',
54 silly addNameRange     '1.0.0',
54 silly addNameRange     '1.1.0',
54 silly addNameRange     '1.2.0',
54 silly addNameRange     '1.3.0',
54 silly addNameRange     '1.4.0',
54 silly addNameRange     '1.5.0',
54 silly addNameRange     '1.6.0',
54 silly addNameRange     '1.7.0',
54 silly addNameRange     '1.7.1',
54 silly addNameRange     '1.8.0',
54 silly addNameRange     '1.9.1',
54 silly addNameRange     '1.9.2',
54 silly addNameRange     '1.9.3',
54 silly addNameRange     '1.10.0',
54 silly addNameRange     '1.10.1',
54 silly addNameRange     '1.11.0',
54 silly addNameRange     '1.12.2',
54 silly addNameRange     '1.13.0',
54 silly addNameRange     '1.13.1',
54 silly addNameRange     '2.0.14' ] ]
55 silly addNamed oracledb@1.13.1
56 verbose addNamed "1.13.1" is a plain semver version for oracledb
57 silly cache afterAdd oracledb@1.13.1
58 verbose afterAdd /root/.npm/oracledb/1.13.1/package/package.json not in flight; writing
59 verbose correctMkdir /root/.npm correctMkdir not in flight; initializing
60 verbose afterAdd /root/.npm/oracledb/1.13.1/package/package.json written
61 silly loadAllDepsIntoIdealTree Finishing
62 silly loadIdealTree Finishing
63 silly currentTree olympics@1.0.0
63 silly currentTree ├── @google-cloud/common@0.15.1
63 silly currentTree ├── @google-cloud/storage@1.5.0
63 silly currentTree ├── abbrev@1.1.1
63 silly currentTree ├── ajv@5.5.1
63 silly currentTree ├── ansi-regex@2.1.1
63 silly currentTree ├── aproba@1.2.0
63 silly currentTree ├── are-we-there-yet@1.1.4
63 silly currentTree ├── array-uniq@1.0.3
63 silly currentTree ├── arrify@1.0.1
63 silly currentTree ├── asn1@0.2.3
63 silly currentTree ├── assert-plus@1.0.0
63 silly currentTree ├── async@2.6.0
63 silly currentTree ├── asynckit@0.4.0
63 silly currentTree ├── aws-sign2@0.7.0
63 silly currentTree ├── aws4@1.6.0
63 silly currentTree ├── balanced-match@1.0.0
63 silly currentTree ├── base64url@2.0.0
63 silly currentTree ├── bcrypt-pbkdf@1.0.1
63 silly currentTree ├─┬ bcrypt@1.0.3
63 silly currentTree │ └── nan@2.6.2
63 silly currentTree ├── block-stream@0.0.9
63 silly currentTree ├─┬ body-parser@1.18.2
63 silly currentTree │ ├── bytes@3.0.0
63 silly currentTree │ ├── content-type@1.0.4
63 silly currentTree │ ├── debug@2.6.9
63 silly currentTree │ ├── depd@1.1.1
63 silly currentTree │ ├── ee-first@1.1.1
63 silly currentTree │ ├── http-errors@1.6.2
63 silly currentTree │ ├── iconv-lite@0.4.19
63 silly currentTree │ ├── inherits@2.0.3
63 silly currentTree │ ├── media-typer@0.3.0
63 silly currentTree │ ├── mime-db@1.30.0
63 silly currentTree │ ├── mime-types@2.1.17
63 silly currentTree │ ├── ms@2.0.0
63 silly currentTree │ ├── on-finished@2.3.0
63 silly currentTree │ ├── qs@6.5.1
63 silly currentTree │ ├── raw-body@2.3.2
63 silly currentTree │ ├── setprototypeof@1.0.3
63 silly currentTree │ ├── statuses@1.4.0
63 silly currentTree │ ├── type-is@1.6.15
63 silly currentTree │ └── unpipe@1.0.0
63 silly currentTree ├── boom@4.3.1
63 silly currentTree ├── brace-expansion@1.1.8
63 silly currentTree ├── buffer-equal-constant-time@1.0.1
63 silly currentTree ├── buffer-equal@1.0.0
63 silly currentTree ├── capture-stack-trace@1.0.0
63 silly currentTree ├── caseless@0.12.0
63 silly currentTree ├── co@4.6.0
63 silly currentTree ├── code-point-at@1.1.0
63 silly currentTree ├── combined-stream@1.0.5
63 silly currentTree ├── concat-map@0.0.1
63 silly currentTree ├── concat-stream@1.6.0
63 silly currentTree ├── configstore@3.1.1
63 silly currentTree ├── console-control-strings@1.1.0
63 silly currentTree ├── core-util-is@1.0.2
63 silly currentTree ├── create-error-class@3.0.2
63 silly currentTree ├─┬ cryptiles@3.1.2
63 silly currentTree │ └── boom@5.2.0
63 silly currentTree ├── crypto-random-string@1.0.0
63 silly currentTree ├── dashdash@1.14.1
63 silly currentTree ├── debug@2.6.9
63 silly currentTree ├── deep-extend@0.4.2
63 silly currentTree ├── delayed-stream@1.0.0
63 silly currentTree ├── delegates@1.0.0
63 silly currentTree ├── dot-prop@4.2.0
63 silly currentTree ├── duplexify@3.5.1
63 silly currentTree ├── ecc-jsbn@0.1.1
63 silly currentTree ├── ecdsa-sig-formatter@1.0.9
63 silly currentTree ├── ejs@2.5.7
63 silly currentTree ├── end-of-stream@1.4.0
63 silly currentTree ├── ent@2.2.0
63 silly currentTree ├─┬ express@4.16.2
63 silly currentTree │ ├── accepts@1.3.4
63 silly currentTree │ ├── array-flatten@1.1.1
63 silly currentTree │ ├── content-disposition@0.5.2
63 silly currentTree │ ├── content-type@1.0.4
63 silly currentTree │ ├── cookie-signature@1.0.6
63 silly currentTree │ ├── cookie@0.3.1
63 silly currentTree │ ├── debug@2.6.9
63 silly currentTree │ ├── depd@1.1.1
63 silly currentTree │ ├── destroy@1.0.4
63 silly currentTree │ ├── ee-first@1.1.1
63 silly currentTree │ ├── encodeurl@1.0.1
63 silly currentTree │ ├── escape-html@1.0.3
63 silly currentTree │ ├── etag@1.8.1
63 silly currentTree │ ├── finalhandler@1.1.0
63 silly currentTree │ ├── forwarded@0.1.2
63 silly currentTree │ ├── fresh@0.5.2
63 silly currentTree │ ├─┬ http-errors@1.6.2
63 silly currentTree │ │ └── setprototypeof@1.0.3
63 silly currentTree │ ├── inherits@2.0.3
63 silly currentTree │ ├── ipaddr.js@1.5.2
63 silly currentTree │ ├── media-typer@0.3.0
63 silly currentTree │ ├── merge-descriptors@1.0.1
63 silly currentTree │ ├── methods@1.1.2
63 silly currentTree │ ├── mime-db@1.30.0
63 silly currentTree │ ├── mime-types@2.1.17
63 silly currentTree │ ├── mime@1.4.1
63 silly currentTree │ ├── ms@2.0.0
63 silly currentTree │ ├── negotiator@0.6.1
63 silly currentTree │ ├── on-finished@2.3.0
63 silly currentTree │ ├── parseurl@1.3.2
63 silly currentTree │ ├── path-to-regexp@0.1.7
63 silly currentTree │ ├── proxy-addr@2.0.2
63 silly currentTree │ ├── qs@6.5.1
63 silly currentTree │ ├── range-parser@1.2.0
63 silly currentTree │ ├── safe-buffer@5.1.1
63 silly currentTree │ ├── send@0.16.1
63 silly currentTree │ ├── serve-static@1.13.1
63 silly currentTree │ ├── setprototypeof@1.1.0
63 silly currentTree │ ├── statuses@1.3.1
63 silly currentTree │ ├── type-is@1.6.15
63 silly currentTree │ ├── unpipe@1.0.0
63 silly currentTree │ ├── utils-merge@1.0.1
63 silly currentTree │ └── vary@1.1.2
63 silly currentTree ├── extend@3.0.1
63 silly currentTree ├── extsprintf@1.3.0
63 silly currentTree ├── fast-deep-equal@1.0.0
63 silly currentTree ├── fast-json-stable-stringify@2.0.0
63 silly currentTree ├── forever-agent@0.6.1
63 silly currentTree ├── form-data@2.3.1
63 silly currentTree ├── fs.realpath@1.0.0
63 silly currentTree ├── fstream-ignore@1.0.5
63 silly currentTree ├── fstream@1.0.11
63 silly currentTree ├── gauge@2.7.4
63 silly currentTree ├── gcp-metadata@0.3.1
63 silly currentTree ├─┬ gcs-resumable-upload@0.8.2
63 silly currentTree │ ├── google-auth-library@0.10.0
63 silly currentTree │ └── google-auto-auth@0.7.2
63 silly currentTree ├── getpass@0.1.7
63 silly currentTree ├── glob@7.1.2
63 silly currentTree ├── google-auth-library@0.12.0
63 silly currentTree ├── google-auto-auth@0.8.1
63 silly currentTree ├── google-p12-pem@0.1.2
63 silly currentTree ├── graceful-fs@4.1.11
63 silly currentTree ├── gtoken@1.2.3
63 silly currentTree ├── har-schema@2.0.0
63 silly currentTree ├── har-validator@5.0.3
63 silly currentTree ├── has-unicode@2.0.1
63 silly currentTree ├── hash-stream-validation@0.2.1
63 silly currentTree ├── hawk@6.0.2
63 silly currentTree ├── hoek@4.2.0
63 silly currentTree ├── http-signature@1.2.0
63 silly currentTree ├── imurmurhash@0.1.4
63 silly currentTree ├── inflight@1.0.6
63 silly currentTree ├── inherits@2.0.3
63 silly currentTree ├── ini@1.3.5
63 silly currentTree ├── is-fullwidth-code-point@1.0.0
63 silly currentTree ├── is-obj@1.0.1
63 silly currentTree ├── is-stream-ended@0.1.3
63 silly currentTree ├── is-typedarray@1.0.0
63 silly currentTree ├── is@3.2.1
63 silly currentTree ├── isarray@1.0.0
63 silly currentTree ├── isstream@0.1.2
63 silly currentTree ├── jsbn@0.1.1
63 silly currentTree ├── json-schema-traverse@0.3.1
63 silly currentTree ├── json-schema@0.2.3
63 silly currentTree ├── json-stringify-safe@5.0.1
63 silly currentTree ├── jsprim@1.4.1
63 silly currentTree ├── jwa@1.1.5
63 silly currentTree ├── jws@3.1.4
63 silly currentTree ├── lodash.isstring@4.0.1
63 silly currentTree ├── lodash.merge@4.6.0
63 silly currentTree ├── lodash.noop@3.0.1
63 silly currentTree ├── lodash@4.17.4
63 silly currentTree ├── log-driver@1.2.5
63 silly currentTree ├── make-dir@1.1.0
63 silly currentTree ├── methmeth@1.1.0
63 silly currentTree ├── mime-db@1.30.0
63 silly currentTree ├── mime-types@2.1.17
63 silly currentTree ├── mime@1.6.0
63 silly currentTree ├── minimatch@3.0.4
63 silly currentTree ├── minimist@0.0.8
63 silly currentTree ├── mkdirp@0.5.1
63 silly currentTree ├── modelo@4.2.0
63 silly currentTree ├─┬ mongojs@2.4.1
63 silly currentTree │ ├── bson@1.0.4
63 silly currentTree │ ├── buffer-shims@1.0.0
63 silly currentTree │ ├── core-util-is@1.0.2
63 silly currentTree │ ├── each-series@1.0.0
63 silly currentTree │ ├── es6-promise@3.2.1
63 silly currentTree │ ├── inherits@2.0.3
63 silly currentTree │ ├── isarray@1.0.0
63 silly currentTree │ ├── mongodb-core@2.1.17
63 silly currentTree │ ├─┬ mongodb@2.2.33
63 silly currentTree │ │ └── readable-stream@2.2.7
63 silly currentTree │ ├── once@1.4.0
63 silly currentTree │ ├── parse-mongo-url@1.1.1
63 silly currentTree │ ├── process-nextick-args@1.0.7
63 silly currentTree │ ├── readable-stream@2.3.3
63 silly currentTree │ ├── require_optional@1.0.1
63 silly currentTree │ ├── resolve-from@2.0.0
63 silly currentTree │ ├── safe-buffer@5.1.1
63 silly currentTree │ ├── semver@5.4.1
63 silly currentTree │ ├── string_decoder@1.0.3
63 silly currentTree │ ├── thunky@1.0.2
63 silly currentTree │ ├── to-mongodb-core@2.0.0
63 silly currentTree │ ├── util-deprecate@1.0.2
63 silly currentTree │ ├── wrappy@1.0.2
63 silly currentTree │ └── xtend@4.0.1
63 silly currentTree ├── ms@2.0.0
63 silly currentTree ├── nan@2.5.1
63 silly currentTree ├── node-forge@0.7.1
63 silly currentTree ├── node-pre-gyp@0.6.36
63 silly currentTree ├── nopt@4.0.1
63 silly currentTree ├── npmlog@4.1.2
63 silly currentTree ├── number-is-nan@1.0.1
63 silly currentTree ├── oauth-sign@0.8.2
63 silly currentTree ├── object-assign@4.1.1
63 silly currentTree ├── once@1.4.0
63 silly currentTree ├── os-homedir@1.0.2
63 silly currentTree ├── os-tmpdir@1.0.2
63 silly currentTree ├── osenv@0.1.4
63 silly currentTree ├── path-is-absolute@1.0.1
63 silly currentTree ├── performance-now@2.1.0
63 silly currentTree ├── pify@3.0.0
63 silly currentTree ├── process-nextick-args@1.0.7
63 silly currentTree ├── pump@1.0.3
63 silly currentTree ├── pumpify@1.3.5
63 silly currentTree ├── punycode@1.4.1
63 silly currentTree ├── qs@6.5.1
63 silly currentTree ├─┬ rc@1.2.2
63 silly currentTree │ └── minimist@1.2.0
63 silly currentTree ├── readable-stream@2.3.3
63 silly currentTree ├── request@2.83.0
63 silly currentTree ├── retry-request@3.3.0
63 silly currentTree ├── rimraf@2.6.2
63 silly currentTree ├── safe-buffer@5.1.1
63 silly currentTree ├── semver@5.4.1
63 silly currentTree ├── set-blocking@2.0.0
63 silly currentTree ├── signal-exit@3.0.2
63 silly currentTree ├── snakeize@0.1.0
63 silly currentTree ├── sntp@2.1.0
63 silly currentTree ├── split-array-stream@1.0.3
63 silly currentTree ├── sshpk@1.13.1
63 silly currentTree ├── stream-events@1.0.2
63 silly currentTree ├── stream-shift@1.0.0
63 silly currentTree ├── string_decoder@1.0.3
63 silly currentTree ├── string-format-obj@1.1.0
63 silly currentTree ├── string-width@1.0.2
63 silly currentTree ├── stringstream@0.0.5
63 silly currentTree ├── strip-ansi@3.0.1
63 silly currentTree ├── strip-json-comments@2.0.1
63 silly currentTree ├── stubs@3.0.0
63 silly currentTree ├── tar-pack@3.4.1
63 silly currentTree ├── tar@2.2.1
63 silly currentTree ├── through2@2.0.3
63 silly currentTree ├── tough-cookie@2.3.3
63 silly currentTree ├── tunnel-agent@0.6.0
63 silly currentTree ├── tweetnacl@0.14.5
63 silly currentTree ├── typedarray@0.0.6
63 silly currentTree ├── uid-number@0.0.6
63 silly currentTree ├── unique-string@1.0.0
63 silly currentTree ├── util-deprecate@1.0.2
63 silly currentTree ├── uuid@3.1.0
63 silly currentTree ├── verror@1.10.0
63 silly currentTree ├── wide-align@1.1.2
63 silly currentTree ├── wrappy@1.0.2
63 silly currentTree ├── write-file-atomic@2.3.0
63 silly currentTree ├── xdg-basedir@3.0.0
63 silly currentTree └── xtend@4.0.1
64 silly idealTree olympics@1.0.0
64 silly idealTree ├── @google-cloud/common@0.15.1
64 silly idealTree ├── @google-cloud/storage@1.5.0
64 silly idealTree ├── abbrev@1.1.1
64 silly idealTree ├── ajv@5.5.1
64 silly idealTree ├── ansi-regex@2.1.1
64 silly idealTree ├── aproba@1.2.0
64 silly idealTree ├── are-we-there-yet@1.1.4
64 silly idealTree ├── array-uniq@1.0.3
64 silly idealTree ├── arrify@1.0.1
64 silly idealTree ├── asn1@0.2.3
64 silly idealTree ├── assert-plus@1.0.0
64 silly idealTree ├── async@2.6.0
64 silly idealTree ├── asynckit@0.4.0
64 silly idealTree ├── aws-sign2@0.7.0
64 silly idealTree ├── aws4@1.6.0
64 silly idealTree ├── balanced-match@1.0.0
64 silly idealTree ├── base64url@2.0.0
64 silly idealTree ├── bcrypt-pbkdf@1.0.1
64 silly idealTree ├─┬ bcrypt@1.0.3
64 silly idealTree │ └── nan@2.6.2
64 silly idealTree ├── block-stream@0.0.9
64 silly idealTree ├─┬ body-parser@1.18.2
64 silly idealTree │ ├── bytes@3.0.0
64 silly idealTree │ ├── content-type@1.0.4
64 silly idealTree │ ├── debug@2.6.9
64 silly idealTree │ ├── depd@1.1.1
64 silly idealTree │ ├── ee-first@1.1.1
64 silly idealTree │ ├── http-errors@1.6.2
64 silly idealTree │ ├── iconv-lite@0.4.19
64 silly idealTree │ ├── inherits@2.0.3
64 silly idealTree │ ├── media-typer@0.3.0
64 silly idealTree │ ├── mime-db@1.30.0
64 silly idealTree │ ├── mime-types@2.1.17
64 silly idealTree │ ├── ms@2.0.0
64 silly idealTree │ ├── on-finished@2.3.0
64 silly idealTree │ ├── qs@6.5.1
64 silly idealTree │ ├── raw-body@2.3.2
64 silly idealTree │ ├── setprototypeof@1.0.3
64 silly idealTree │ ├── statuses@1.4.0
64 silly idealTree │ ├── type-is@1.6.15
64 silly idealTree │ └── unpipe@1.0.0
64 silly idealTree ├── boom@4.3.1
64 silly idealTree ├── brace-expansion@1.1.8
64 silly idealTree ├── buffer-equal-constant-time@1.0.1
64 silly idealTree ├── buffer-equal@1.0.0
64 silly idealTree ├── capture-stack-trace@1.0.0
64 silly idealTree ├── caseless@0.12.0
64 silly idealTree ├── co@4.6.0
64 silly idealTree ├── code-point-at@1.1.0
64 silly idealTree ├── combined-stream@1.0.5
64 silly idealTree ├── concat-map@0.0.1
64 silly idealTree ├── concat-stream@1.6.0
64 silly idealTree ├── configstore@3.1.1
64 silly idealTree ├── console-control-strings@1.1.0
64 silly idealTree ├── core-util-is@1.0.2
64 silly idealTree ├── create-error-class@3.0.2
64 silly idealTree ├─┬ cryptiles@3.1.2
64 silly idealTree │ └── boom@5.2.0
64 silly idealTree ├── crypto-random-string@1.0.0
64 silly idealTree ├── dashdash@1.14.1
64 silly idealTree ├── debug@2.6.9
64 silly idealTree ├── deep-extend@0.4.2
64 silly idealTree ├── delayed-stream@1.0.0
64 silly idealTree ├── delegates@1.0.0
64 silly idealTree ├── dot-prop@4.2.0
64 silly idealTree ├── duplexify@3.5.1
64 silly idealTree ├── ecc-jsbn@0.1.1
64 silly idealTree ├── ecdsa-sig-formatter@1.0.9
64 silly idealTree ├── ejs@2.5.7
64 silly idealTree ├── end-of-stream@1.4.0
64 silly idealTree ├── ent@2.2.0
64 silly idealTree ├─┬ express@4.16.2
64 silly idealTree │ ├── accepts@1.3.4
64 silly idealTree │ ├── array-flatten@1.1.1
64 silly idealTree │ ├── content-disposition@0.5.2
64 silly idealTree │ ├── content-type@1.0.4
64 silly idealTree │ ├── cookie-signature@1.0.6
64 silly idealTree │ ├── cookie@0.3.1
64 silly idealTree │ ├── debug@2.6.9
64 silly idealTree │ ├── depd@1.1.1
64 silly idealTree │ ├── destroy@1.0.4
64 silly idealTree │ ├── ee-first@1.1.1
64 silly idealTree │ ├── encodeurl@1.0.1
64 silly idealTree │ ├── escape-html@1.0.3
64 silly idealTree │ ├── etag@1.8.1
64 silly idealTree │ ├── finalhandler@1.1.0
64 silly idealTree │ ├── forwarded@0.1.2
64 silly idealTree │ ├── fresh@0.5.2
64 silly idealTree │ ├─┬ http-errors@1.6.2
64 silly idealTree │ │ └── setprototypeof@1.0.3
64 silly idealTree │ ├── inherits@2.0.3
64 silly idealTree │ ├── ipaddr.js@1.5.2
64 silly idealTree │ ├── media-typer@0.3.0
64 silly idealTree │ ├── merge-descriptors@1.0.1
64 silly idealTree │ ├── methods@1.1.2
64 silly idealTree │ ├── mime-db@1.30.0
64 silly idealTree │ ├── mime-types@2.1.17
64 silly idealTree │ ├── mime@1.4.1
64 silly idealTree │ ├── ms@2.0.0
64 silly idealTree │ ├── negotiator@0.6.1
64 silly idealTree │ ├── on-finished@2.3.0
64 silly idealTree │ ├── parseurl@1.3.2
64 silly idealTree │ ├── path-to-regexp@0.1.7
64 silly idealTree │ ├── proxy-addr@2.0.2
64 silly idealTree │ ├── qs@6.5.1
64 silly idealTree │ ├── range-parser@1.2.0
64 silly idealTree │ ├── safe-buffer@5.1.1
64 silly idealTree │ ├── send@0.16.1
64 silly idealTree │ ├── serve-static@1.13.1
64 silly idealTree │ ├── setprototypeof@1.1.0
64 silly idealTree │ ├── statuses@1.3.1
64 silly idealTree │ ├── type-is@1.6.15
64 silly idealTree │ ├── unpipe@1.0.0
64 silly idealTree │ ├── utils-merge@1.0.1
64 silly idealTree │ └── vary@1.1.2
64 silly idealTree ├── extend@3.0.1
64 silly idealTree ├── extsprintf@1.3.0
64 silly idealTree ├── fast-deep-equal@1.0.0
64 silly idealTree ├── fast-json-stable-stringify@2.0.0
64 silly idealTree ├── forever-agent@0.6.1
64 silly idealTree ├── form-data@2.3.1
64 silly idealTree ├── fs.realpath@1.0.0
64 silly idealTree ├── fstream-ignore@1.0.5
64 silly idealTree ├── fstream@1.0.11
64 silly idealTree ├── gauge@2.7.4
64 silly idealTree ├── gcp-metadata@0.3.1
64 silly idealTree ├─┬ gcs-resumable-upload@0.8.2
64 silly idealTree │ ├── google-auth-library@0.10.0
64 silly idealTree │ └── google-auto-auth@0.7.2
64 silly idealTree ├── getpass@0.1.7
64 silly idealTree ├── glob@7.1.2
64 silly idealTree ├── google-auth-library@0.12.0
64 silly idealTree ├── google-auto-auth@0.8.1
64 silly idealTree ├── google-p12-pem@0.1.2
64 silly idealTree ├── graceful-fs@4.1.11
64 silly idealTree ├── gtoken@1.2.3
64 silly idealTree ├── har-schema@2.0.0
64 silly idealTree ├── har-validator@5.0.3
64 silly idealTree ├── has-unicode@2.0.1
64 silly idealTree ├── hash-stream-validation@0.2.1
64 silly idealTree ├── hawk@6.0.2
64 silly idealTree ├── hoek@4.2.0
64 silly idealTree ├── http-signature@1.2.0
64 silly idealTree ├── imurmurhash@0.1.4
64 silly idealTree ├── inflight@1.0.6
64 silly idealTree ├── inherits@2.0.3
64 silly idealTree ├── ini@1.3.5
64 silly idealTree ├── is-fullwidth-code-point@1.0.0
64 silly idealTree ├── is-obj@1.0.1
64 silly idealTree ├── is-stream-ended@0.1.3
64 silly idealTree ├── is-typedarray@1.0.0
64 silly idealTree ├── is@3.2.1
64 silly idealTree ├── isarray@1.0.0
64 silly idealTree ├── isstream@0.1.2
64 silly idealTree ├── jsbn@0.1.1
64 silly idealTree ├── json-schema-traverse@0.3.1
64 silly idealTree ├── json-schema@0.2.3
64 silly idealTree ├── json-stringify-safe@5.0.1
64 silly idealTree ├── jsprim@1.4.1
64 silly idealTree ├── jwa@1.1.5
64 silly idealTree ├── jws@3.1.4
64 silly idealTree ├── lodash.isstring@4.0.1
64 silly idealTree ├── lodash.merge@4.6.0
64 silly idealTree ├── lodash.noop@3.0.1
64 silly idealTree ├── lodash@4.17.4
64 silly idealTree ├── log-driver@1.2.5
64 silly idealTree ├── make-dir@1.1.0
64 silly idealTree ├── methmeth@1.1.0
64 silly idealTree ├── mime-db@1.30.0
64 silly idealTree ├── mime-types@2.1.17
64 silly idealTree ├── mime@1.6.0
64 silly idealTree ├── minimatch@3.0.4
64 silly idealTree ├── minimist@0.0.8
64 silly idealTree ├── mkdirp@0.5.1
64 silly idealTree ├── modelo@4.2.0
64 silly idealTree ├─┬ mongojs@2.4.1
64 silly idealTree │ ├── bson@1.0.4
64 silly idealTree │ ├── buffer-shims@1.0.0
64 silly idealTree │ ├── core-util-is@1.0.2
64 silly idealTree │ ├── each-series@1.0.0
64 silly idealTree │ ├── es6-promise@3.2.1
64 silly idealTree │ ├── inherits@2.0.3
64 silly idealTree │ ├── isarray@1.0.0
64 silly idealTree │ ├── mongodb-core@2.1.17
64 silly idealTree │ ├─┬ mongodb@2.2.33
64 silly idealTree │ │ └── readable-stream@2.2.7
64 silly idealTree │ ├── once@1.4.0
64 silly idealTree │ ├── parse-mongo-url@1.1.1
64 silly idealTree │ ├── process-nextick-args@1.0.7
64 silly idealTree │ ├── readable-stream@2.3.3
64 silly idealTree │ ├── require_optional@1.0.1
64 silly idealTree │ ├── resolve-from@2.0.0
64 silly idealTree │ ├── safe-buffer@5.1.1
64 silly idealTree │ ├── semver@5.4.1
64 silly idealTree │ ├── string_decoder@1.0.3
64 silly idealTree │ ├── thunky@1.0.2
64 silly idealTree │ ├── to-mongodb-core@2.0.0
64 silly idealTree │ ├── util-deprecate@1.0.2
64 silly idealTree │ ├── wrappy@1.0.2
64 silly idealTree │ └── xtend@4.0.1
64 silly idealTree ├── ms@2.0.0
64 silly idealTree ├── nan@2.5.1
64 silly idealTree ├── node-forge@0.7.1
64 silly idealTree ├── node-pre-gyp@0.6.36
64 silly idealTree ├── nopt@4.0.1
64 silly idealTree ├── npmlog@4.1.2
64 silly idealTree ├── number-is-nan@1.0.1
64 silly idealTree ├── oauth-sign@0.8.2
64 silly idealTree ├── object-assign@4.1.1
64 silly idealTree ├── once@1.4.0
64 silly idealTree ├── oracledb@1.13.1
64 silly idealTree ├── os-homedir@1.0.2
64 silly idealTree ├── os-tmpdir@1.0.2
64 silly idealTree ├── osenv@0.1.4
64 silly idealTree ├── path-is-absolute@1.0.1
64 silly idealTree ├── performance-now@2.1.0
64 silly idealTree ├── pify@3.0.0
64 silly idealTree ├── process-nextick-args@1.0.7
64 silly idealTree ├── pump@1.0.3
64 silly idealTree ├── pumpify@1.3.5
64 silly idealTree ├── punycode@1.4.1
64 silly idealTree ├── qs@6.5.1
64 silly idealTree ├─┬ rc@1.2.2
64 silly idealTree │ └── minimist@1.2.0
64 silly idealTree ├── readable-stream@2.3.3
64 silly idealTree ├── request@2.83.0
64 silly idealTree ├── retry-request@3.3.0
64 silly idealTree ├── rimraf@2.6.2
64 silly idealTree ├── safe-buffer@5.1.1
64 silly idealTree ├── semver@5.4.1
64 silly idealTree ├── set-blocking@2.0.0
64 silly idealTree ├── signal-exit@3.0.2
64 silly idealTree ├── snakeize@0.1.0
64 silly idealTree ├── sntp@2.1.0
64 silly idealTree ├── split-array-stream@1.0.3
64 silly idealTree ├── sshpk@1.13.1
64 silly idealTree ├── stream-events@1.0.2
64 silly idealTree ├── stream-shift@1.0.0
64 silly idealTree ├── string_decoder@1.0.3
64 silly idealTree ├── string-format-obj@1.1.0
64 silly idealTree ├── string-width@1.0.2
64 silly idealTree ├── stringstream@0.0.5
64 silly idealTree ├── strip-ansi@3.0.1
64 silly idealTree ├── strip-json-comments@2.0.1
64 silly idealTree ├── stubs@3.0.0
64 silly idealTree ├── tar-pack@3.4.1
64 silly idealTree ├── tar@2.2.1
64 silly idealTree ├── through2@2.0.3
64 silly idealTree ├── tough-cookie@2.3.3
64 silly idealTree ├── tunnel-agent@0.6.0
64 silly idealTree ├── tweetnacl@0.14.5
64 silly idealTree ├── typedarray@0.0.6
64 silly idealTree ├── uid-number@0.0.6
64 silly idealTree ├── unique-string@1.0.0
64 silly idealTree ├── util-deprecate@1.0.2
64 silly idealTree ├── uuid@3.1.0
64 silly idealTree ├── verror@1.10.0
64 silly idealTree ├── wide-align@1.1.2
64 silly idealTree ├── wrappy@1.0.2
64 silly idealTree ├── write-file-atomic@2.3.0
64 silly idealTree ├── xdg-basedir@3.0.0
64 silly idealTree └── xtend@4.0.1
65 silly generateActionsToTake Starting
66 silly install generateActionsToTake
67 silly generateActionsToTake Finishing
68 silly diffTrees action count 1
69 silly diffTrees add oracledb@1.13.1
70 silly decomposeActions action count 8
71 silly decomposeActions fetch oracledb@1.13.1
72 silly decomposeActions extract oracledb@1.13.1
73 silly decomposeActions test oracledb@1.13.1
74 silly decomposeActions preinstall oracledb@1.13.1
75 silly decomposeActions build oracledb@1.13.1
76 silly decomposeActions install oracledb@1.13.1
77 silly decomposeActions postinstall oracledb@1.13.1
78 silly decomposeActions finalize oracledb@1.13.1
79 silly runTopLevelLifecycles Starting
80 silly executeActions Starting
81 silly install executeActions
82 silly doSerial global-install 0
83 silly doParallel fetch 1
84 verbose correctMkdir /root/.npm/_locks correctMkdir not in flight; initializing
85 verbose lock using /root/.npm/_locks/staging-84897e6075e82edc.lock for /home/ec2-user/OlympicFunFact/olympics/node_modules/.staging
86 silly doParallel extract 1
87 silly extract oracledb@1.13.1
88 verbose unbuild node_modules/.staging/oracledb-c6201ac8
89 silly gentlyRm /home/ec2-user/OlympicFunFact/olympics/node_modules/.staging/oracledb-c6201ac8 is being purged from base /home/ec2-user/OlympicFunFact/olympics
90 verbose gentlyRm don't care about contents; nuking /home/ec2-user/OlympicFunFact/olympics/node_modules/.staging/oracledb-c6201ac8
91 verbose tar unpack /root/.npm/oracledb/1.13.1/package.tgz
92 verbose tar unpacking to /home/ec2-user/OlympicFunFact/olympics/node_modules/.staging/oracledb-c6201ac8
93 silly gentlyRm /home/ec2-user/OlympicFunFact/olympics/node_modules/.staging/oracledb-c6201ac8 is being purged
94 verbose gentlyRm don't care about contents; nuking /home/ec2-user/OlympicFunFact/olympics/node_modules/.staging/oracledb-c6201ac8
95 silly gunzTarPerm modes [ '755', '644' ]
96 silly gunzTarPerm extractEntry package.json
97 silly gunzTarPerm extractEntry README.md
98 silly gunzTarPerm extractEntry index.js
99 silly gunzTarPerm extractEntry CHANGELOG.md
100 silly gunzTarPerm extractEntry LICENSE.md
101 silly gunzTarPerm extractEntry binding.gyp
102 silly gunzTarPerm extractEntry lib/connection.js
103 silly gunzTarPerm extractEntry lib/lob.js
104 silly gunzTarPerm extractEntry lib/oracledb.js
105 silly gunzTarPerm extractEntry lib/pool.js
106 silly gunzTarPerm extractEntry lib/querystream.js
107 silly gunzTarPerm extractEntry lib/resultset.js
108 silly gunzTarPerm extractEntry lib/util.js
109 silly gunzTarPerm extractEntry src/dpi/include/dpi.h
110 silly gunzTarPerm extractEntry src/dpi/include/dpiCommon.h
111 silly gunzTarPerm extractEntry src/dpi/include/dpiConn.h
112 silly gunzTarPerm extractEntry src/dpi/include/dpiDateTimeArray.h
113 silly gunzTarPerm extractEntry src/dpi/include/dpiEnv.h
114 silly gunzTarPerm extractEntry src/dpi/include/dpiException.h
115 silly gunzTarPerm extractEntry src/dpi/include/dpiLob.h
116 silly gunzTarPerm extractEntry src/dpi/include/dpiPool.h
117 silly gunzTarPerm extractEntry src/dpi/include/dpiStmt.h
118 silly gunzTarPerm extractEntry src/dpi/src/dpiExceptionImpl.cpp
119 silly gunzTarPerm extractEntry src/dpi/src/dpiCommon.cpp
120 silly gunzTarPerm extractEntry src/dpi/src/dpiConnImpl.h
121 silly gunzTarPerm extractEntry src/dpi/src/dpiDateTimeArrayImpl.cpp
122 silly gunzTarPerm extractEntry src/dpi/src/dpiDateTimeArrayImpl.h
123 silly gunzTarPerm extractEntry src/dpi/src/dpiEnv.cpp
124 silly gunzTarPerm extractEntry src/dpi/src/dpiEnvImpl.cpp
125 silly gunzTarPerm extractEntry src/dpi/src/dpiEnvImpl.h
126 silly gunzTarPerm extractEntry src/dpi/src/dpiException.cpp
127 silly gunzTarPerm extractEntry src/dpi/src/dpiConnImpl.cpp
128 silly gunzTarPerm extractEntry src/dpi/src/dpiExceptionImpl.h
129 silly gunzTarPerm extractEntry src/dpi/src/dpiLob.cpp
130 silly gunzTarPerm extractEntry src/dpi/src/dpiPoolImpl.cpp
131 silly gunzTarPerm extractEntry src/dpi/src/dpiPoolImpl.h
132 silly gunzTarPerm extractEntry src/dpi/src/dpiStmtImpl.cpp
133 silly gunzTarPerm extractEntry src/dpi/src/dpiStmtImpl.h
134 silly gunzTarPerm extractEntry src/dpi/src/dpiUtils.cpp
135 silly gunzTarPerm extractEntry src/dpi/src/dpiUtils.h
136 silly gunzTarPerm extractEntry src/njs/src/njsOracle.cpp
137 silly gunzTarPerm extractEntry src/njs/src/njsConnection.cpp
138 silly gunzTarPerm extractEntry src/njs/src/njsIntLob.cpp
139 silly gunzTarPerm extractEntry src/njs/src/njsIntLob.h
140 silly gunzTarPerm extractEntry src/njs/src/njsMessages.cpp
141 silly gunzTarPerm extractEntry src/njs/src/njsMessages.h
142 silly gunzTarPerm extractEntry src/njs/src/njsConnection.h
143 silly gunzTarPerm extractEntry src/njs/src/njsOracle.h
144 silly gunzTarPerm extractEntry src/njs/src/njsPool.cpp
145 silly gunzTarPerm extractEntry src/njs/src/njsPool.h
146 silly gunzTarPerm extractEntry src/njs/src/njsResultSet.cpp
147 silly gunzTarPerm extractEntry src/njs/src/njsResultSet.h
148 silly gunzTarPerm extractEntry src/njs/src/njsUtils.h
149 silly gentlyRm /home/ec2-user/OlympicFunFact/olympics/node_modules/.staging/oracledb-c6201ac8/node_modules is being purged
150 verbose gentlyRm don't care about contents; nuking /home/ec2-user/OlympicFunFact/olympics/node_modules/.staging/oracledb-c6201ac8/node_modules
151 silly doParallel preinstall 1
152 silly preinstall oracledb@1.13.1 /home/ec2-user/OlympicFunFact/olympics/node_modules/.staging/oracledb-c6201ac8
153 info lifecycle oracledb@1.13.1~preinstall: oracledb@1.13.1
154 silly lifecycle oracledb@1.13.1~preinstall: no script for preinstall, continuing
155 silly doReverseSerial remove 0
156 silly doSerial move 0
157 silly doSerial finalize 1
158 silly finalize /home/ec2-user/OlympicFunFact/olympics/node_modules/oracledb
159 silly doSerial build 1
160 silly build oracledb@1.13.1
161 info linkStuff oracledb@1.13.1
162 silly linkStuff oracledb@1.13.1 has /home/ec2-user/OlympicFunFact/olympics/node_modules as its parent node_modules
163 verbose linkBins oracledb@1.13.1
164 verbose linkMans oracledb@1.13.1
165 silly doSerial global-link 0
166 silly doParallel update-linked 0
167 silly doSerial install 1
168 silly install oracledb@1.13.1 /home/ec2-user/OlympicFunFact/olympics/node_modules/.staging/oracledb-c6201ac8
169 info lifecycle oracledb@1.13.1~install: oracledb@1.13.1
170 verbose lifecycle oracledb@1.13.1~install: unsafe-perm in lifecycle false
171 verbose lifecycle oracledb@1.13.1~install: PATH: /root/.nvm/versions/node/v6.11.5/lib/node_modules/npm/bin/node-gyp-bin:/home/ec2-user/OlympicFunFact/olympics/node_modules/oracledb/node_modules/.bin:/home/ec2-user/OlympicFunFact/olympics/node_modules/.bin:/root/.nvm/versions/node/v6.11.5/bin:/opt/node-v6.9.4-linux-x64/bin:/sbin:/bin:/usr/sbin:/usr/bin:/opt/aws/bin
172 verbose lifecycle oracledb@1.13.1~install: CWD: /home/ec2-user/OlympicFunFact/olympics/node_modules/oracledb
173 silly lifecycle oracledb@1.13.1~install: Args: [ '-c', 'node-gyp rebuild' ]
174 silly lifecycle oracledb@1.13.1~install: Returned: code: 1  signal: null
175 info lifecycle oracledb@1.13.1~install: Failed to exec install script
176 verbose unlock done using /root/.npm/_locks/staging-84897e6075e82edc.lock for /home/ec2-user/OlympicFunFact/olympics/node_modules/.staging
177 silly rollbackFailedOptional Starting
178 silly rollbackFailedOptional Finishing
179 silly runTopLevelLifecycles Finishing
180 silly install printInstalled
181 warn olympics@1.0.0 No description
182 verbose If you need help, you may report this error at:
182 verbose     <https://github.com/npm/npm/issues>
183 warn olympics@1.0.0 No repository field.
184 verbose If you need help, you may report this error at:
184 verbose     <https://github.com/npm/npm/issues>
185 verbose stack Error: oracledb@1.13.1 install: `node-gyp rebuild`
185 verbose stack Exit status 1
185 verbose stack     at EventEmitter.<anonymous> (/root/.nvm/versions/node/v6.11.5/lib/node_modules/npm/lib/utils/lifecycle.js:255:16)
185 verbose stack     at emitTwo (events.js:106:13)
185 verbose stack     at EventEmitter.emit (events.js:191:7)
185 verbose stack     at ChildProcess.<anonymous> (/root/.nvm/versions/node/v6.11.5/lib/node_modules/npm/lib/utils/spawn.js:40:14)
185 verbose stack     at emitTwo (events.js:106:13)
185 verbose stack     at ChildProcess.emit (events.js:191:7)
185 verbose stack     at maybeClose (internal/child_process.js:920:16)
185 verbose stack     at Process.ChildProcess._handle.onexit (internal/child_process.js:230:5)
186 verbose pkgid oracledb@1.13.1
187 verbose cwd /home/ec2-user/OlympicFunFact/olympics
188 error Linux 4.9.62-21.56.amzn1.x86_64
189 error argv "/root/.nvm/versions/node/v6.11.5/bin/node" "/root/.nvm/versions/node/v6.11.5/bin/npm" "install" "oracledb"
190 error node v6.11.5
191 error npm  v3.10.10
192 error code ELIFECYCLE
193 error oracledb@1.13.1 install: `node-gyp rebuild`
193 error Exit status 1
194 error Failed at the oracledb@1.13.1 install script 'node-gyp rebuild'.
194 error Make sure you have the latest version of node.js and npm installed.
194 error If you do, this is most likely a problem with the oracledb package,
194 error not with npm itself.
194 error Tell the author that this fails on your system:
194 error     node-gyp rebuild
194 error You can get information on how to open an issue for this project with:
194 error     npm bugs oracledb
194 error Or if that isn't available, you can get their info via:
194 error     npm owner ls oracledb
194 error There is likely additional logging output above.
195 verbose exit [ 1, true ]
